commit 4a73b03a56916223c8be9db30194e16686527ddd
Merge: e55dd32 58bd571
Author: Sami Glasco <samiglasco@gmail.com>
Date:   Thu Oct 20 21:34:39 2016 -0500

    Merge pull request #48 from cs373gc-fall-2016/dev
    
    fixed about css

commit 58bd571cf73b10d599a545feaf5b187460a824d8
Author: Sami Glasco <samiglasco@gmail.com>
Date:   Thu Oct 20 21:34:13 2016 -0500

    fixed about css

commit e55dd325c4cfd42909d757e5ac0d8af777cf828e
Merge: 4d47ff3 98180ca
Author: Chenyang Wang <cwang@cs.utexas.edu>
Date:   Thu Oct 20 21:30:20 2016 -0500

    Merge branch 'master' of github.com:TheFireFerret/interswellar

commit 4d47ff3a61e3a46f56d3b0ae8af04be8e229b083
Author: Chenyang Wang <cwang@cs.utexas.edu>
Date:   Thu Oct 20 21:30:11 2016 -0500

    Added pydoc target

commit 98180caa509f769d88848c35410f9c8e8dee4dfc
Merge: a8c1b4b 3a3120b
Author: Sami Glasco <samiglasco@gmail.com>
Date:   Thu Oct 20 21:28:56 2016 -0500

    merged dev

commit 3a3120ba61c9e29c62e6584fd2e2337b5402a6b1
Merge: 620ca16 27eeac9
Author: Sami Glasco <samiglasco@gmail.com>
Date:   Thu Oct 20 21:27:20 2016 -0500

    Merge branch 'master' into dev

commit 620ca161c0b66440a7518e651e1521143256d7d9
Merge: f63d978 5405330
Author: Sami Glasco <samiglasco@gmail.com>
Date:   Thu Oct 20 21:25:26 2016 -0500

    Merge branch 'dev' of github.com:cs373gc-fall-2016/interswellar into dev

commit f63d978ac4ca69de941722b266f91514990a7048
Author: Sami Glasco <samiglasco@gmail.com>
Date:   Thu Oct 20 21:25:21 2016 -0500

    ordered details

commit 5405330f2127caa4290ed405abfeb611096ea595
Author: charharharhar <charlotte.x.sheng@gmail.com>
Date:   Thu Oct 20 21:25:01 2016 -0500

    Using variables for commits and issues

commit 1420eb42dbb4a62c70bb14309b8da4b2bc063863
Merge: c8902a6 5ee1b35
Author: charharharhar <charlotte.x.sheng@gmail.com>
Date:   Thu Oct 20 21:22:14 2016 -0500

    Merge branch 'dev' of https://github.com/cs373gc-fall-2016/interswellar into dev

commit c8902a6fd3ebc65bf1cc0dd9ae070a32a7dfc081
Author: charharharhar <charlotte.x.sheng@gmail.com>
Date:   Thu Oct 20 21:22:03 2016 -0500

    Added Nathan picture and bio

commit 5ee1b355346759e1997e9704805acdc72ecdf611
Merge: e20f6e7 69743c1
Author: David Shi <dshi@utexas.edu>
Date:   Thu Oct 20 21:20:17 2016 -0500

    Merge branch 'dev' of github.com:cs373gc-fall-2016/interswellar into dev

commit e20f6e71352294bf88ed3ad69d69a6d7b7de8e02
Author: David Shi <dshi@utexas.edu>
Date:   Thu Oct 20 21:20:09 2016 -0500

    removed broken and unnecessary test

commit 794044baa65012d889c7358c961627380ff23943
Author: charharharhar <charlotte.x.sheng@gmail.com>
Date:   Thu Oct 20 21:20:05 2016 -0500

    Adding links and tools

commit 69743c1c95130a04618d9e563efcff2e85b1a3a9
Author: charharharhar <charlotte.x.sheng@gmail.com>
Date:   Thu Oct 20 21:11:05 2016 -0500

    Updating commit and unit test values

commit 0236b64880ea418f3b95943946a928dfeb74eee0
Merge: 6a63c4b ef356a1
Author: charharharhar <charlotte.x.sheng@gmail.com>
Date:   Thu Oct 20 21:08:25 2016 -0500

    Merge branch 'dev' of https://github.com/cs373gc-fall-2016/interswellar into dev

commit 6a63c4b9866811e71b06206ec2ab6a9dfe969bca
Author: charharharhar <charlotte.x.sheng@gmail.com>
Date:   Thu Oct 20 21:08:15 2016 -0500

    Links for things

commit ef356a1a43dd28118a2d7754ed196d6586638f0e
Author: David Shi <dshi@utexas.edu>
Date:   Thu Oct 20 21:04:34 2016 -0500

    missed one unittest! fixed

commit 542828cfb5414360fa26acd7fd3f0ea516e2e4f4
Author: David Shi <dshi@utexas.edu>
Date:   Thu Oct 20 21:02:44 2016 -0500

    added unittest to about page

commit c9be7b09ea070890bdd174cbf9e3efbf375262e5
Merge: 77ec2a9 835b50c
Author: Sami Glasco <samiglasco@gmail.com>
Date:   Thu Oct 20 20:58:42 2016 -0500

    Merge branch 'dev' of github.com:cs373gc-fall-2016/interswellar into dev

commit 77ec2a97fab28e2498d3287af4f67c270173cddf
Author: Sami Glasco <samiglasco@gmail.com>
Date:   Thu Oct 20 20:58:39 2016 -0500

    backgrounds

commit 835b50cd3d1898dca7ff446e97796ced0bad58a1
Author: Nathan Poag <npoag@utexas.edu>
Date:   Thu Oct 20 20:54:32 2016 -0500

    Added Nathan Poag Headshot

commit d894e84537a5ebe76e0cede7b97b1669ef9836dd
Author: Denise Ly <dply95@gmail.com>
Date:   Thu Oct 20 20:53:42 2016 -0500

    fixed links on tables

commit 9c1a58dc70aae85f4e2a5ca9d0327fe8d404e90c
Merge: b093dbe 4adba95
Author: Sami Glasco <samiglasco@gmail.com>
Date:   Thu Oct 20 20:44:57 2016 -0500

    Merge branch 'dev' of github.com:cs373gc-fall-2016/interswellar into dev

commit 4adba956655bbf2f8243f9f99c752ec3663e25c2
Merge: d8d7737 495e4cd
Author: Denise Ly <dply95@gmail.com>
Date:   Thu Oct 20 20:44:09 2016 -0500

    Merge branch 'dev' of github.com:TheFireFerret/interswellar into dev

commit d8d773714c8c57bcf978fb146098ffc47c52e30c
Author: Denise Ly <dply95@gmail.com>
Date:   Thu Oct 20 20:43:57 2016 -0500

    add href link

commit b093dbed88f3a38bb1b6d5ca031d4d891c44fbb5
Author: Sami Glasco <samiglasco@gmail.com>
Date:   Thu Oct 20 20:43:18 2016 -0500

    removed unneeded files

commit f9bfd9e85f14db8328fbd2e14c8362ed20bc179c
Merge: 8746e2a 495e4cd
Author: Sami Glasco <samiglasco@gmail.com>
Date:   Thu Oct 20 20:42:48 2016 -0500

    Merge branch 'dev' of github.com:cs373gc-fall-2016/interswellar into dev

commit 495e4cd0e273ea50ff5203437e1b9c9202fe3a54
Author: charharharhar <charlotte.x.sheng@gmail.com>
Date:   Thu Oct 20 20:38:18 2016 -0500

    Adding UML for models, closes #4

commit 156992a2175afcea7dbb9eeb26705a6ae216bda7
Author: charharharhar <charlotte.x.sheng@gmail.com>
Date:   Thu Oct 20 20:34:58 2016 -0500

    updated about info

commit 35f0c6a6a7195dc126883cf0272b587e4d1d3086
Merge: 41a6179 fbb7565
Author: charharharhar <charlotte.x.sheng@gmail.com>
Date:   Thu Oct 20 20:30:17 2016 -0500

    about images

commit 41a6179471d004bfa0d9fa964869ad717cde0c57
Author: charharharhar <charlotte.x.sheng@gmail.com>
Date:   Thu Oct 20 20:29:14 2016 -0500

    added prof pics and some comments

commit fbb7565249f1797ea2494c5b3dfefec629adfbff
Merge: a1b6de8 1f30f42
Author: Denise Ly <dply95@gmail.com>
Date:   Thu Oct 20 20:22:21 2016 -0500

    Merge branch 'dev' of github.com:TheFireFerret/interswellar into dev

commit a1b6de8244bcb561a3754b25f080267cb4cdc4ce
Author: Denise Ly <dply95@gmail.com>
Date:   Thu Oct 20 20:21:58 2016 -0500

    write about me

commit 1f30f429a8bc3671563345c28e5f3effb142a067
Author: Chenyang Wang <cwang@cs.utexas.edu>
Date:   Thu Oct 20 20:13:01 2016 -0500

    Adding young's bio stuff

commit 1cf24916b43c1bf0b57f1a1a2eeaf2e1e5a73b8a
Merge: ef12f7f 580a290
Author: charharharhar <charlotte.x.sheng@gmail.com>
Date:   Thu Oct 20 20:12:37 2016 -0500

    Merge branch 'dev' of https://github.com/cs373gc-fall-2016/interswellar into dev

commit ef12f7f5e71cc4445bb9dc1afebff95085ba74c3
Author: charharharhar <charlotte.x.sheng@gmail.com>
Date:   Thu Oct 20 20:12:27 2016 -0500

    sample data

commit 580a290ae5562cb0fd0bfca7575a0d139b64cd75
Author: Denise Ly <dply95@gmail.com>
Date:   Thu Oct 20 20:02:37 2016 -0500

    added denise's about pic

commit e2b9db4d99372c03536c4fd76f743086d3556c5f
Author: Denise Ly <dply95@gmail.com>
Date:   Thu Oct 20 19:55:14 2016 -0500

    Updated table logic for new JSON formatted data

commit d518a6f7dec1c183ab3360bb803dae75ef791fc1
Author: David Shi <dshi@utexas.edu>
Date:   Thu Oct 20 19:54:16 2016 -0500

    Added David Shi info

commit 68399c6478b87611cc665fcdd0300a1e1f928198
Author: David Shi <dshi@utexas.edu>
Date:   Thu Oct 20 19:34:44 2016 -0500

    Added description, purpose, and intended users

commit c180afe410986a0fffae2b773eb0317c7a15295f
Author: charharharhar <charlotte.x.sheng@gmail.com>
Date:   Thu Oct 20 19:09:58 2016 -0500

    Adding more data

commit 8746e2a1d17f8bda6c1333efa9d9d0dce7e7643f
Author: Sami Glasco <samiglasco@gmail.com>
Date:   Thu Oct 20 18:38:39 2016 -0500

    get total num of issues/commits

commit 3328d720fe5ed5d356ab9b812c65fd849fcf84bb
Author: Sami Glasco <samiglasco@gmail.com>
Date:   Thu Oct 20 18:09:22 2016 -0500

    cleanup view test

commit a8c985385aaff1df1f3d6bf3826c7c02f00f0c46
Merge: 328f088 cca1032
Author: Sami Glasco <samiglasco@gmail.com>
Date:   Thu Oct 20 18:03:15 2016 -0500

    Merge branch 'dev' of github.com:cs373gc-fall-2016/interswellar into dev

commit 328f088cf65fafbe7bccf00c5d1034f0660b50a8
Author: Sami Glasco <samiglasco@gmail.com>
Date:   Thu Oct 20 18:03:11 2016 -0500

    views tests

commit cca1032b62dd4a16767481eae312fdd82e440f7e
Author: charharharhar <charlotte.x.sheng@gmail.com>
Date:   Thu Oct 20 17:49:23 2016 -0500

    Updating variable names to reflect API changes

commit 8ee4020279682ecca19a8f1f581ecf3036715ed9
Merge: 85d7c03 fbdeb8a
Author: Sami Glasco <samiglasco@gmail.com>
Date:   Thu Oct 20 17:34:06 2016 -0500

    Merge branch 'dev' of github.com:cs373gc-fall-2016/interswellar into dev

commit fbdeb8a17bfa51b03e845feb3df5a51fd71b70fd
Author: charharharhar <charlotte.x.sheng@gmail.com>
Date:   Thu Oct 20 17:31:39 2016 -0500

    Added publications data, no longer using json_loads

commit 0eaaa736edf6fb1858c74276cd1537e8cb7b592f
Author: charharharhar <charlotte.x.sheng@gmail.com>
Date:   Thu Oct 20 17:28:23 2016 -0500

    Changing html templates to table and details

commit 9e59f1e7066c0f720b113a1f3532b2dc6fd310bf
Author: charharharhar <charlotte.x.sheng@gmail.com>
Date:   Thu Oct 20 17:24:53 2016 -0500

    Added constellations data

commit c6a9bcc4c77ca7dc66cddaed80d55c299cb68681
Author: charharharhar <charlotte.x.sheng@gmail.com>
Date:   Thu Oct 20 17:20:46 2016 -0500

    Added exoplanet JSON data

commit 85d7c03abc269816dd72b6dd39e6e3f02f42a957
Merge: f662469 4c7a00c
Author: Sami Glasco <samiglasco@gmail.com>
Date:   Thu Oct 20 17:18:20 2016 -0500

    Merge branch 'dev' of github.com:cs373gc-fall-2016/interswellar into dev

commit f662469515710594fc714fcdc9ab5b4d328aba3c
Author: Sami Glasco <samiglasco@gmail.com>
Date:   Thu Oct 20 17:18:08 2016 -0500

    html cleanup

commit d985bcabd2cb73c29c1ac49c14ff0e1eb16793ce
Author: Sami Glasco <samiglasco@gmail.com>
Date:   Thu Oct 20 17:15:31 2016 -0500

    clean up about

commit a9fcf880408150cb638e9de184fa5740773571fb
Author: Sami Glasco <samiglasco@gmail.com>
Date:   Thu Oct 20 17:07:34 2016 -0500

    fix nav bar on detail

commit 4c7a00c625ddf9778f242f739dbfffca8fe1bf24
Author: charharharhar <charlotte.x.sheng@gmail.com>
Date:   Thu Oct 20 17:07:22 2016 -0500

    Using JSON format for data

commit a4dd946151d2df23f50220c6debea55dff0aaa60
Author: Sami Glasco <samiglasco@gmail.com>
Date:   Thu Oct 20 16:55:33 2016 -0500

    clean detail

commit 20f8bd89c349b9439acbd24c41d83b3ecca0c1cb
Author: Sami Glasco <samiglasco@gmail.com>
Date:   Thu Oct 20 16:50:51 2016 -0500

    fix nav bar on detail page

commit 102bed25398ea3940cfd34ed691719a2d91f79cf
Author: Sami Glasco <samiglasco@gmail.com>
Date:   Thu Oct 20 16:45:24 2016 -0500

    detail template

commit a8c1b4b6586fcdc90faa8f4d36cad43e59405c72
Author: Chenyang Wang <cwang@cs.utexas.edu>
Date:   Thu Oct 20 15:55:18 2016 -0500

    Requirements

commit 12f2eff57f1de4e9a61185578e723fe54e4b31e9
Author: Chenyang Wang <cwang@cs.utexas.edu>
Date:   Thu Oct 20 15:43:50 2016 -0500

    Fixed tests

commit 02fb32aa4a6bdad47bb1d119ae56a89f4978d29c
Author: Chenyang Wang <cwang@cs.utexas.edu>
Date:   Thu Oct 20 15:42:49 2016 -0500

    Changed models and api

commit 59500bda5d9bd2cb3981254dd22ed4e494f3d6cf
Author: Chenyang Wang <cwang@cs.utexas.edu>
Date:   Thu Oct 20 14:39:20 2016 -0500

    formatting

commit 9163158e6207de38d9e20541f005dd938a0e5617
Author: Chenyang Wang <cwang@cs.utexas.edu>
Date:   Thu Oct 20 14:38:05 2016 -0500

    Added more tests

commit 6746d170760ac0eebf6d8c6712e67158d46397e0
Merge: b8f2fb0 aff4997
Author: Sami Glasco <samiglasco@gmail.com>
Date:   Thu Oct 20 14:15:00 2016 -0500

    Merge branch 'dev' of github.com:cs373gc-fall-2016/interswellar into dev

commit b8f2fb0efea0ddf0f0ade20830dbad4a15e1085c
Author: Sami Glasco <samiglasco@gmail.com>
Date:   Thu Oct 20 14:14:52 2016 -0500

    planets are line by line

commit a14c1503e8bc9c9fc4053fd6d7237083946977fe
Author: Chenyang Wang <cwang@cs.utexas.edu>
Date:   Thu Oct 20 14:10:47 2016 -0500

    Fixed api calls

commit d16ab7171683eed81c764b3c8d264f7e734369f1
Author: Chenyang Wang <cwang@cs.utexas.edu>
Date:   Thu Oct 20 14:07:42 2016 -0500

    Added test for star api

commit b3f48b296f99385bfa28a8f860da97690b1392eb
Author: Sami Glasco <samiglasco@gmail.com>
Date:   Thu Oct 20 14:02:03 2016 -0500

    stars detail works for any data

commit aff4997465438568b9667c5b800ddd6fdd233710
Author: David Shi <dshi@utexas.edu>
Date:   Thu Oct 20 13:33:39 2016 -0500

    added dshi profile pic to about

commit 7b20cdee41ed46e7b79b94d6ce0920a170025951
Author: Chenyang Wang <cwang@cs.utexas.edu>
Date:   Thu Oct 20 12:25:00 2016 -0500

    API for stars done

commit ee6cc49724885198e2c102b43fc7cbb9861a356f
Author: Chenyang Wang <cwang@cs.utexas.edu>
Date:   Thu Oct 20 11:57:35 2016 -0500

    Formatting

commit 68c324c041f46ad8b8a5328b2779012147fc556b
Author: Chenyang Wang <cwang@cs.utexas.edu>
Date:   Thu Oct 20 11:56:29 2016 -0500

    Fixed requirements

commit c3639836d9ec587ed26ff78edc9736b698648677
Author: Chenyang Wang <cwang@cs.utexas.edu>
Date:   Thu Oct 20 11:49:09 2016 -0500

    Added Flask-Restless to requirements

commit 3e164fe26d1ee1936e8cbadd6184b70d7a27ca29
Author: Denise Ly <dply95@gmail.com>
Date:   Thu Oct 20 07:55:12 2016 -0500

    created and formatted publication page

commit db3886e2db4452a73e8599213c8659ae9027f278
Author: Denise Ly <dply95@gmail.com>
Date:   Thu Oct 20 07:17:15 2016 -0500

    formatted constellation page, changed backgrounds

commit 69effa9fd3a24958e2f39280af1ef79e9fd0fc20
Author: Denise Ly <dply95@gmail.com>
Date:   Thu Oct 20 06:49:19 2016 -0500

    formatting for exoplanet page

commit ac3d7f28bb02811b89d49c08906f76f1bfdc98e0
Author: Denise Ly <dply95@gmail.com>
Date:   Thu Oct 20 06:45:35 2016 -0500

    formatting star page

commit 3bef1975dae63d3a878e8141af59a90e0097931d
Author: charharharhar <charlotte.x.sheng@gmail.com>
Date:   Thu Oct 20 03:37:36 2016 -0500

    Adding constellation and exoplanet templates.

commit 96583e57482a390c1fca1327c58db1bc0e34d7ad
Merge: 25f97a3 9ee91c0
Author: Denise Ly <dply95@gmail.com>
Date:   Thu Oct 20 03:35:33 2016 -0500

    Merge branch 'dev' of github.com:TheFireFerret/interswellar into dev

commit 25f97a391d3cf1028e0983b8989813ebc8ee778b
Author: Denise Ly <dply95@gmail.com>
Date:   Thu Oct 20 03:35:20 2016 -0500

    formatting star page

commit 9ee91c0416cae40852e8953e35d3ea8cd3c6c90c
Author: Sami Glasco <samiglasco@gmail.com>
Date:   Thu Oct 20 03:19:13 2016 -0500

    fix nav/title spacing

commit dc275e0a35b821bd025bad7d497d65af2d330b27
Merge: 27eeac9 26aae40
Author: Sami Glasco <samiglasco@gmail.com>
Date:   Thu Oct 20 03:01:09 2016 -0500

    Merge pull request #31 from cs373gc-fall-2016/dev
    
    table styyyyyyyyle

commit 26aae4082770c352ba3aff5ae598d7d21d874bcf
Merge: b4300c7 8af80c2
Author: Denise Ly <dply95@gmail.com>
Date:   Thu Oct 20 02:59:30 2016 -0500

    Merge branch 'dev' of github.com:TheFireFerret/interswellar into dev

commit b4300c727969b36e8e703499773e7d3c87fdd385
Author: Denise Ly <denisely@cs.utexas.edu>
Date:   Thu Oct 20 02:54:11 2016 -0500

    added to stars.html page

commit 8af80c2432a5a9eb426d66bd5eadfb6d9d4ee236
Author: Sami Glasco <samiglasco@gmail.com>
Date:   Thu Oct 20 02:54:02 2016 -0500

    pylint

commit 9c03d791ef010a82aa692a5837ce938e62d87f2e
Author: Sami Glasco <samiglasco@gmail.com>
Date:   Thu Oct 20 02:50:52 2016 -0500

    more table styyyyyyyyyyyyyle

commit f738e726990956bc55a2b1d9beb7ed43de0e555f
Merge: 99ed373 39ef973
Author: Sami Glasco <samiglasco@gmail.com>
Date:   Thu Oct 20 02:35:17 2016 -0500

    Merge branch 'dev' of github.com:cs373gc-fall-2016/interswellar into dev

commit 99ed373c37b47304b480b0524049022ef01a99ab
Author: Sami Glasco <samiglasco@gmail.com>
Date:   Thu Oct 20 02:35:01 2016 -0500

    table styyyyyyle

commit 39ef9735020647fcf43d123ab85cd2bc46a6113a
Author: Denise Ly <denisely@cs.utexas.edu>
Date:   Thu Oct 20 01:25:05 2016 -0500

    Starting star page

commit 4879f210686eb3c4a61aad4c94f44ac2004d9b94
Merge: 0dd219d 168b24e
Author: Sami Glasco <samiglasco@gmail.com>
Date:   Thu Oct 20 01:19:24 2016 -0500

    Merge branch 'dev' of github.com:cs373gc-fall-2016/interswellar into dev

commit 27eeac9d4a3060e0b3415fe3012acd0fa8d4a550
Merge: f88b91c 168b24e
Author: Sami Glasco <samiglasco@gmail.com>
Date:   Thu Oct 20 01:11:57 2016 -0500

    Merge pull request #29 from cs373gc-fall-2016/dev
    
    no zoom on mobile

commit 168b24e844505f84ceacaecd843cd3e31843b78c
Author: Sami Glasco <samiglasco@gmail.com>
Date:   Thu Oct 20 01:08:29 2016 -0500

    no zoom on mobile

commit f88b91cd3e74753e8f4b5018bcb39223440a79d3
Merge: c2e934b 917f4ca
Author: Sami Glasco <samiglasco@gmail.com>
Date:   Thu Oct 20 01:00:30 2016 -0500

    Merge pull request #28 from cs373gc-fall-2016/dev
    
    fix tables not showing up in some browsers

commit 917f4ca5a2a20201e7c3f8ab06a2fd8a6bd1ec34
Author: Sami Glasco <samiglasco@gmail.com>
Date:   Thu Oct 20 00:56:55 2016 -0500

    fix tables not showing up in some browsers

commit c2e934b8e128925708018d0aa02812e4d2819258
Merge: 98ea08b 0dd219d
Author: Sami Glasco <samiglasco@gmail.com>
Date:   Thu Oct 20 00:34:54 2016 -0500

    Merge branch 'dev'

commit 0dd219d4e561a57dff3a329fb0f41aa0799b09e6
Merge: a8e1b1d 98ea08b
Author: Sami Glasco <samiglasco@gmail.com>
Date:   Thu Oct 20 00:34:38 2016 -0500

    added tables

commit a8e1b1d9635b49a2a6655636d7557c625f3387bf
Author: Sami Glasco <samiglasco@gmail.com>
Date:   Thu Oct 20 00:23:46 2016 -0500

    table formatting

commit d09fbefb475742f4a4bf3e58938f97a47284f3fc
Author: Sami Glasco <samiglasco@gmail.com>
Date:   Wed Oct 19 23:44:57 2016 -0500

    fix nav menu and responsive tables???

commit 98ea08bcf16b2b16f98ef4dce6b702465a118846
Author: Chenyang Wang <chenyang.wang@utexas.edu>
Date:   Wed Oct 19 23:14:46 2016 -0500

    Security

commit 49cd6321d480c6e0c7df5aa3f36f8a16781d00b6
Author: Chenyang Wang <chenyang.wang@utexas.edu>
Date:   Wed Oct 19 22:22:46 2016 -0500

    pylint

commit 4d7193cc37601994094be6d7430ba413015524ac
Author: Chenyang Wang <chenyang.wang@utexas.edu>
Date:   Wed Oct 19 22:15:31 2016 -0500

    Travis db possibly working

commit 59ac0c63f4d6acc04a1161d976d07d4db74949be
Author: Sami Glasco <samiglasco@gmail.com>
Date:   Wed Oct 19 22:12:26 2016 -0500

    connected nav to pages

commit 209e8ad7d31284a6a94d8abe686eb7c6e7d8cba9
Author: Chenyang Wang <chenyang.wang@utexas.edu>
Date:   Wed Oct 19 21:39:18 2016 -0500

    Configured databases for local development and Travis

commit bf77fd35bc96112857083571a4397a3e6d29b272
Author: Denise Ly <denisely@cs.utexas.edu>
Date:   Wed Oct 19 21:24:42 2016 -0500

    Removed pylint warnings

commit 6c032ff092508bf7ec9e2bf93a6c30578a53975b
Merge: a44534b fbf38f7
Author: Denise Ly <denisely@cs.utexas.edu>
Date:   Wed Oct 19 21:23:14 2016 -0500

    Created tables template

commit a44534b5fa9f69bc6c89c5f2a75ff5a6c249d2d3
Author: Denise Ly <denisely@cs.utexas.edu>
Date:   Wed Oct 19 21:20:18 2016 -0500

    Created template for tables

commit 714ddd5cd57f2bfc7761b82e86a8808066322682
Merge: d7dad38 bdfb530
Author: Chenyang Wang <chenyang.wang@utexas.edu>
Date:   Wed Oct 19 20:30:50 2016 -0500

    Merge branch 'master' into infra

commit bdfb5306e118a242f359a94723cc1ed4bb38c948
Author: Chenyang Wang <chenyang.wang@utexas.edu>
Date:   Wed Oct 19 20:23:59 2016 -0500

    Downgrading to postgresql94

commit d7dad38291805525b91c5e7a59f54e1e5e38e6cc
Author: Chenyang Wang <chenyang.wang@utexas.edu>
Date:   Wed Oct 19 20:11:34 2016 -0500

    Refactored config

commit 4694ead55d704100b4eea819a2c76ddba9d4ef1b
Author: Chenyang Wang <chenyang.wang@utexas.edu>
Date:   Wed Oct 19 19:44:26 2016 -0500

    Add config for postgresql

commit fbf38f78e90ca49c559802a13c6c81dd90e17bdc
Author: Sami Glasco <samiglasco@gmail.com>
Date:   Wed Oct 19 18:53:28 2016 -0500

    oops views.py

commit 3c0ce17281c11af7512751d48930d8d91700cfd7
Author: Sami Glasco <samiglasco@gmail.com>
Date:   Wed Oct 19 18:52:46 2016 -0500

    fix about style on colophon

commit fcbc526a92c77ec92ada65f1e28bb037a7e04038
Merge: 28f459a 5caabf1
Author: Chenyang Wang <chenyang.wang123@gmail.com>
Date:   Wed Oct 19 18:42:12 2016 -0500

    Merge pull request #23 from cs373gc-fall-2016/bdev
    
    Bdev

commit 2602bce38a3f50afe4e08782017b47cb768ece26
Author: Sami Glasco <samiglasco@gmail.com>
Date:   Wed Oct 19 18:42:10 2016 -0500

    fix about for mobile

commit 08eaeafefa7df1317075fd3fdf1374b3bae68e1a
Author: Sami Glasco <samiglasco@gmail.com>
Date:   Wed Oct 19 18:21:05 2016 -0500

    pylint

commit 4439ddfdfd99e9718142456aeb79bc33617b19e7
Author: Sami Glasco <samiglasco@gmail.com>
Date:   Wed Oct 19 18:19:15 2016 -0500

    actually fixed github auth

commit 28f459a1d6c8619c0e82db6ecf1c4c99be5f1b37
Author: TheFireFerret <samiglasco@gmail.com>
Date:   Wed Oct 19 17:43:28 2016 -0500

    Transferring API Description file from Apiary.io

commit c1ee5dd481ba0943b8a69f56be58cadd19266b83
Author: Sami Glasco <samiglasco@gmail.com>
Date:   Wed Oct 19 17:43:01 2016 -0500

    added github auth and fix css

commit d403baca1980d33816404bb96e5d2d4245126c6e
Author: Sami Glasco <samiglasco@gmail.com>
Date:   Wed Oct 19 16:59:04 2016 -0500

    cleanup css

commit 1ff1fc1faf90546543d786b0d84253a8abd4f8f7
Author: Sami Glasco <samiglasco@gmail.com>
Date:   Wed Oct 19 16:41:31 2016 -0500

    added requests requirement

commit e83abc890deafd67cc3c6c971a3f60d133537a88
Author: Sami Glasco <samiglasco@gmail.com>
Date:   Wed Oct 19 16:33:57 2016 -0500

    pylint fixes for views.py

commit 5caabf1ceaa953cf12e0ce50cf0d1b3b7865694b
Author: Nathan Poag <npoag@utexas.edu>
Date:   Wed Oct 19 16:24:14 2016 -0500

    Added publication test

commit d2dcd100026940a8e687d6327b8dbd59e2e57b59
Author: Nathan Poag <npoag@utexas.edu>
Date:   Wed Oct 19 16:19:03 2016 -0500

    Added constellation test

commit d2b58812d579f073a2c2acdf6a03fc6eda5faf14
Merge: 38a5f74 f41f318
Author: Sami Glasco <samiglasco@gmail.com>
Date:   Wed Oct 19 16:18:49 2016 -0500

    Merge branch 'dev' of https://github.com/TheFireFerret/interswellar into dev

commit 38a5f74ef53d419760a0cd4a5f8f72f8b98557ea
Author: Sami Glasco <samiglasco@gmail.com>
Date:   Wed Oct 19 16:16:53 2016 -0500

    about page commits and issue count live from github

commit a5a685c0502898b841a28b05e36d87d62dab7e2d
Author: Nathan Poag <npoag@utexas.edu>
Date:   Wed Oct 19 16:14:52 2016 -0500

    Added exoplanet test

commit 37bec6307d19154c7fb4b119adf0702cedddec9d
Author: Nathan Poag <npoag@utexas.edu>
Date:   Wed Oct 19 16:08:04 2016 -0500

    Added star test

commit 7270a7e2eb28a06f29d48d2a48f0ceed0900f072
Author: David Shi <dshi@utexas.edu>
Date:   Wed Oct 19 14:41:32 2016 -0500

    fixed models test issues. make travis happy

commit ba1bc2c286fe3712ed2d24a40ccf3bdcdbf340c7
Author: David Shi <dshi@utexas.edu>
Date:   Wed Oct 19 14:33:14 2016 -0500

    switched to flask_sql, fixed #6

commit f41f3188fcc351a63be10d5f338fadeea3768e56
Author: Sami Glasco <samiglasco@gmail.com>
Date:   Wed Oct 19 13:16:15 2016 -0500

    pull out nav bar

commit be9f61354e8ec1aff195d88957c51f31ce47046c
Author: David Shi <dshi@utexas.edu>
Date:   Wed Oct 19 13:09:39 2016 -0500

    added main structure for all models

commit e34f89048c3d490e02296e32512b243195db7622
Author: David Shi <dshi@utexas.edu>
Date:   Wed Oct 19 12:58:00 2016 -0500

    travis needs sqlalchemy. should fix

commit 2673629b3cb98f6c43791827fc9342bc0b57676a
Author: David Shi <dshi@utexas.edu>
Date:   Wed Oct 19 12:54:31 2016 -0500

    fixed pylint complaints for travis

commit 636dea8c6b98efe5d29ebaf7f7c55ab33b93f2a8
Author: David Shi <dshi@utexas.edu>
Date:   Wed Oct 19 12:39:34 2016 -0500

    added models.py with stars and planets

commit 6b569f0a3d0db703b357953b73af8a8f9796a8eb
Merge: ae1f419 26914ca
Author: Sami Glasco <samiglasco@gmail.com>
Date:   Wed Oct 19 01:47:14 2016 -0500

    Merge pull request #19 from cs373gc-fall-2016/dev
    
    Added about page

commit 26914cabb4521d9c7dca5b262ed083e96c856d57
Author: Sami Glasco <samiglasco@gmail.com>
Date:   Wed Oct 19 01:44:26 2016 -0500

    fixed menu collapse

commit 350c60f3b45e77a9e7fe8111da735c24757a47b6
Author: Sami Glasco <samiglasco@gmail.com>
Date:   Wed Oct 19 01:41:30 2016 -0500

    about page has all sections

commit e3aae158b397ea89bf0703fcba497c3af0cf7fbb
Author: Sami Glasco <samiglasco@gmail.com>
Date:   Wed Oct 19 01:34:46 2016 -0500

    stats info

commit 572ccc9c1cac9e3208f903953ae1679a254598ab
Author: Sami Glasco <samiglasco@gmail.com>
Date:   Wed Oct 19 01:21:24 2016 -0500

    done with team info templates

commit a8514c35affb1d4a6ecab93d39ced72e7f585912
Author: Sami Glasco <samiglasco@gmail.com>
Date:   Wed Oct 19 00:59:36 2016 -0500

    profile page has about and some team members

commit aeca54d7a38c369e5327fee7f9aa4444fb7198ba
Author: Sami Glasco <samiglasco@gmail.com>
Date:   Tue Oct 18 23:44:52 2016 -0500

    removed carousel buttons

commit ce08e5c6531afd110b035e959ac740629f8033d7
Author: Sami Glasco <samiglasco@gmail.com>
Date:   Tue Oct 18 22:56:39 2016 -0500

    add about page with nav bar

commit 29e90378f45d5d4ba96508236b74a97576e9d6fe
Author: Sami Glasco <samiglasco@gmail.com>
Date:   Tue Oct 18 22:55:52 2016 -0500

    added about button and fixed centering

commit ae1f419fc7ada3f5b2db41e283ca3510e2605cc9
Merge: 56745a1 93096c0
Author: Sami Glasco <samiglasco@gmail.com>
Date:   Tue Oct 18 21:53:07 2016 -0500

    Merge pull request #15 from cs373gc-fall-2016/dev
    
    changed carousel slide to a fade to fix white screen bug

commit 93096c0afd8943405918378aa23ebc2995ebebbd
Author: Sami Glasco <samiglasco@gmail.com>
Date:   Tue Oct 18 21:42:40 2016 -0500

    changed carousel slide to a fade to fix white screen bug

commit 56745a1e3c350aee845917a76f33b980f7f525e1
Merge: a4e76d6 b4d4c96
Author: Sami Glasco <samiglasco@gmail.com>
Date:   Tue Oct 18 21:12:16 2016 -0500

    Merge pull request #14 from cs373gc-fall-2016/dev
    
    cleanup css

commit b4d4c96c638cbeb7dad1c1e749414463b47696d4
Author: Sami Glasco <samiglasco@gmail.com>
Date:   Tue Oct 18 21:03:20 2016 -0500

    cleanup css

commit a4e76d6b572fb5fb773deea765a0b62328eb75d0
Author: Chenyang Wang <chenyang.wang123@gmail.com>
Date:   Mon Oct 17 16:31:53 2016 -0500

    Update README to new repo location

commit 299caaa5304d9aafddedc1b1b103b22bf42d0060
Merge: 4bb7ae4 482077c
Author: Sami Glasco <samiglasco@gmail.com>
Date:   Mon Oct 17 15:05:30 2016 -0500

    Merge pull request #12 from cs373gc-fall-2016/dev
    
    AWS pls

commit 482077c5674eba488520b194e03b84ff1cf15b17
Merge: 7eabd64 dde2db3
Author: Sami Glasco <samiglasco@gmail.com>
Date:   Mon Oct 17 15:03:26 2016 -0500

    Merge branch 'dev' of github.com:TheFireFerret/interswellar into dev

commit 7eabd640bbaa8d0aef07ebef3b207e2391dcd4c9
Author: Sami Glasco <samiglasco@gmail.com>
Date:   Mon Oct 17 15:03:11 2016 -0500

    ignoring pylint

commit 4bb7ae40ee53cfd6c946cdb23a3cde1554a7afcd
Merge: 70bf11d dde2db3
Author: Sami Glasco <samiglasco@gmail.com>
Date:   Mon Oct 17 14:38:38 2016 -0500

    Merge pull request #11 from cs373gc-fall-2016/dev
    
    splash page / deployment test

commit dde2db357e4b697b7686619e674394750c1635dd
Author: Sami Glasco <samiglasco@gmail.com>
Date:   Mon Oct 17 14:34:01 2016 -0500

    Update README.md

commit 47147304976023befbab927c0af99037385138ba
Author: Sami Glasco <samiglasco@gmail.com>
Date:   Mon Oct 17 14:30:09 2016 -0500

    fix unused import for pylint

commit f45bff42e64a3442ab7963f67471c71b50a85628
Author: Sami Glasco <samiglasco@gmail.com>
Date:   Mon Oct 17 14:25:16 2016 -0500

    fix test

commit 70bf11d299254a493c1e6efa6686dcc08bca29e2
Author: Sami Glasco <samiglasco@gmail.com>
Date:   Mon Oct 17 14:22:19 2016 -0500

    Update README.md

commit df0103bec2880c085f110141e7d7ebecfa3b2b17
Author: Sami Glasco <samiglasco@gmail.com>
Date:   Mon Oct 17 10:37:49 2016 -0500

    removed rounded corners

commit a5708d1946655857dbfa8f99145d481d629641e5
Author: Sami Glasco <samiglasco@gmail.com>
Date:   Sun Oct 16 23:08:05 2016 -0500

    Added title, some buttons, and pictures to splash page

commit bdb73779e2f6f2ff4c6a486faf772c906100fbf9
Author: Sami Glasco <samiglasco@gmail.com>
Date:   Sun Oct 16 18:17:20 2016 -0500

    gotta fix jumbotron size

commit 1ba34fc0e65f120b73e87eca0b3fb9931a5dabe2
Author: Sami Glasco <samiglasco@gmail.com>
Date:   Sun Oct 16 17:47:41 2016 -0500

    Added carousel for splash page

commit 3448c951d6167fcac798f3f40b7c12e234e274ab
Author: Chenyang Wang <chenyang.wang123@gmail.com>
Date:   Sat Oct 15 00:09:47 2016 -0500

    Update README.md
    
    Links

commit c5842fec347f0fd868b3f139182b663929e16338
Author: Chenyang Wang <chenyang.wang123@gmail.com>
Date:   Sat Oct 15 00:05:51 2016 -0500

    Update README.md
    
    Information about travis builds.

commit 3cecd27a42d5fa7eaccabff0a6f4778779da18a2
Author: Sami Glasco <samiglasco@gmail.com>
Date:   Fri Oct 14 18:22:03 2016 -0500

    set up index.html

commit f10f1268d6f08f74169a27d45287f54a3ec7ea39
Author: Sami Glasco <samiglasco@gmail.com>
Date:   Fri Oct 14 17:44:47 2016 -0500

    Update README.md

commit 051fb2eb32b55e35acb8d46d913cc3ed0ec6b20e
Author: Sami Glasco <samiglasco@gmail.com>
Date:   Fri Oct 14 17:44:41 2016 -0500

    Update README.md

commit 47621bb72d70e8efb62c3bc8823a74e99e6890ce
Author: Sami Glasco <samiglasco@gmail.com>
Date:   Fri Oct 14 17:40:43 2016 -0500

    update test

commit 13d3414c5644d148767432441ddb14e64bda6d06
Merge: 21f7f7d 464da09
Author: Sami Glasco <samiglasco@gmail.com>
Date:   Fri Oct 14 17:37:54 2016 -0500

    Merge branch 'master' of github.com:TheFireFerret/interswellar

commit 21f7f7ddb5e0a084b01fa1fb9fb99e91d95f20c6
Author: Sami Glasco <samiglasco@gmail.com>
Date:   Fri Oct 14 17:37:14 2016 -0500

    update text to test AWS deployment

commit 464da091b5cfe99385fd5976e25386549f7e4356
Author: Sami Glasco <samiglasco@gmail.com>
Date:   Fri Oct 14 16:38:31 2016 -0500

    Update README.md

commit 607c5dc1659500aac5e2b3f1b9b337dfa4a35bb5
Author: Sami Glasco <samiglasco@gmail.com>
Date:   Fri Oct 14 16:35:37 2016 -0500

    try encrypting keys again

commit 75dc26b7be7145e46a6c0a2ed40998b8c71e6011
Author: Sami Glasco <samiglasco@gmail.com>
Date:   Fri Oct 14 16:20:44 2016 -0500

    added keys yet again

commit 75783c8eaf56c367d0708e17b0c408e57239c950
Author: Sami Glasco <samiglasco@gmail.com>
Date:   Fri Oct 14 16:00:55 2016 -0500

    fix keys?

commit d76572ea57cd8dacf419edac001ad8ee20a2d8bc
Author: Chenyang Wang <cwang@cs.utexas.edu>
Date:   Fri Oct 14 15:45:07 2016 -0500

    Try again

commit 275351c3b0ec5cfd432f146126547ab5df4f31a3
Author: Chenyang Wang <cwang@cs.utexas.edu>
Date:   Fri Oct 14 15:41:19 2016 -0500

    Push to AWS?

commit 7b08b5a690597686db8a15b8571487b869b878bc
Merge: 03b050b 7bb43cd
Author: Chenyang Wang <cwang@cs.utexas.edu>
Date:   Fri Oct 14 15:39:34 2016 -0500

    Merge branch 'master' of github.com:TheFireFerret/interswellar

commit 7bb43cdecfea3f4bddce8286772b297550aabee3
Author: Sami Glasco <samiglasco@gmail.com>
Date:   Fri Oct 14 15:39:20 2016 -0500

    added encrypted keys

commit 03b050bd595791f832b39924e8912d1d8bc39f53
Author: Chenyang Wang <cwang@cs.utexas.edu>
Date:   Fri Oct 14 15:24:33 2016 -0500

    Add test reqs

commit 35c3ca7b2cad15822cc5bbd372672fc369147d39
Author: Chenyang Wang <cwang@cs.utexas.edu>
Date:   Fri Oct 14 15:22:37 2016 -0500

    fixed lint

commit 24658d44d6be9ef482ad08f5e98b1ace33aa9ecc
Author: Chenyang Wang <cwang@cs.utexas.edu>
Date:   Fri Oct 14 15:13:55 2016 -0500

    Hopefully connected travis. Fixes #1

commit 80ee3f2a23687bcdb44fa41839241b92ec0bfe90
Author: Chenyang Wang <cwang@cs.utexas.edu>
Date:   Fri Oct 14 15:11:17 2016 -0500

    Automated make targets

commit 22e277240cd3338095583a4ad20c4e32f269afa2
Author: Chenyang Wang <chenyang.wang@utexas.edu>
Date:   Wed Oct 12 19:26:02 2016 -0500

    Update readme

commit 6c5f3bca791a88736f19d7c1716661741a7d2dee
Author: Chenyang Wang <chenyang.wang@utexas.edu>
Date:   Wed Oct 12 19:23:03 2016 -0500

    Fix markdown

commit 3e31e51993fcec8538ba05b4e6ff339970420265
Author: Chenyang Wang <chenyang.wang@utexas.edu>
Date:   Wed Oct 12 19:19:38 2016 -0500

    Restructured code

commit 0d14dee8c0edaf369ee439da1f0f60405304e4c3
Author: Chenyang Wang <chenyang.wang123@gmail.com>
Date:   Wed Oct 12 17:01:29 2016 -0500

    Update README.md
    
    Fix reamde

commit 54682af65df437f16b0fc435f5ea24be5d64f91c
Merge: dad6f27 0219577
Author: Nathan Poag <npoag@utexas.edu>
Date:   Wed Oct 12 17:00:52 2016 -0500

    Merge branch 'master' of https://github.com/TheFireFerret/interswellar

commit dad6f27613b24b7400453a9d71e502d31eece03d
Author: Nathan Poag <npoag@utexas.edu>
Date:   Wed Oct 12 17:00:30 2016 -0500

    Removed things Nathan accidentally pushed

commit 0219577116ea53ea6d987e608b272c9aba436d7d
Author: David Shi <dshi@utexas.edu>
Date:   Wed Oct 12 16:36:13 2016 -0500

    rm stuff

commit f2e0600caf2ce8c4518ab943761f8b67942d04d2
Merge: d95c6a1 43311d7
Author: Nathan Poag <npoag@utexas.edu>
Date:   Wed Oct 12 16:06:20 2016 -0500

    Merge branch 'master' of https://github.com/TheFireFerret/interswellar

commit d95c6a17d0ff3648d2dfd6cb19f6699778c91333
Author: Nathan Poag <npoag@utexas.edu>
Date:   Wed Oct 12 16:05:59 2016 -0500

    Redacted to original message

commit 43311d76337e41866e77e868a359589a63ad1556
Merge: 9546edd 7b9fd3e
Author: Chenyang Wang <cwang@cs.utexas.edu>
Date:   Wed Oct 12 16:05:03 2016 -0500

    Merge branch 'master' of github.com:TheFireFerret/interswellar

commit 9546eddd59fa5931323899dab7b48c238b9ae591
Author: Chenyang Wang <cwang@cs.utexas.edu>
Date:   Wed Oct 12 16:04:53 2016 -0500

    Readme

commit 7b9fd3ec3e5703346142c31f7b99875382483540
Author: Nathan Poag <npoag@utexas.edu>
Date:   Wed Oct 12 16:03:43 2016 -0500

    Changed application py file to test if Nathan can deploy

commit c6fd7052d4c6135a0d5dab3ecb5632a50d77fd4d
Merge: 2e5c40c 13ef747
Author: Nathan Poag <npoag@utexas.edu>
Date:   Wed Oct 12 16:02:58 2016 -0500

    Merge branch 'master' of https://github.com/TheFireFerret/interswellar

commit 2e5c40cfa1ab15cee1a30aceacdde1ea58a0f4cb
Author: Nathan Poag <npoag@utexas.edu>
Date:   Wed Oct 12 16:01:46 2016 -0500

    Changed application py file to test if Nathan can deploy

commit 13ef747e32a0adcab082a1680ff1fa3abf0ab6e6
Author: Chenyang Wang <cwang@cs.utexas.edu>
Date:   Wed Oct 12 15:36:49 2016 -0500

    Add AWS keys

commit d3df4717d1aaeba1e3fa5fc420faed35e3143526
Author: Chenyang Wang <cwang@cs.utexas.edu>
Date:   Wed Oct 12 15:26:59 2016 -0500

    Instructions

commit d3a5efc8f747e820882cd543e8085c28d9d8480d
Author: Chenyang Wang <cwang@cs.utexas.edu>
Date:   Wed Oct 12 15:17:25 2016 -0500

    spelling

commit 2b63ec821dcb1dd293d5a425a71c468a9a747d8a
Author: Chenyang Wang <cwang@cs.utexas.edu>
Date:   Wed Oct 12 15:11:24 2016 -0500

    Renamed variable to make aws happy

commit a8cd331f147ab91db1785746a93f7e678b6361c0
Author: Chenyang Wang <cwang@cs.utexas.edu>
Date:   Wed Oct 12 14:56:29 2016 -0500

    Hello World!

commit 9ca358f689b4b8a6853e1abeb8a39e40791b91ac
Author: Sami Glasco <samiglasco@gmail.com>
Date:   Wed Oct 12 13:32:12 2016 -0500

    Initial commit
